This is pdfTeX, Version 3.14159265-2.6-1.40.16 (TeX Live 2015) (preloaded format=pdflatex 2015.5.24)  27 AUG 2016 18:18
entering extended mode
 restricted \write18 enabled.
 file:line:error style messages enabled.
 %&-line parsing enabled.
**proposal_document.tex
(./proposal_document.tex
LaTeX2e <2015/01/01>
Babel <3.9l> and hyphenation patterns for 79 languages loaded.

(/Users/adityanagarajan/Library/texlive/2015/texmf-var/tex/latex/umassthesis/um
assthesis.cls
Document Class: umassthesis 2014/04/16 v1.26 U.Mass. dissertation class
(/usr/local/texlive/2015/texmf-dist/tex/latex/base/report.cls
Document Class: report 2014/09/29 v1.4h Standard LaTeX document class
(/usr/local/texlive/2015/texmf-dist/tex/latex/base/size12.clo
File: size12.clo 2014/09/29 v1.4h Standard LaTeX file (size option)
)
\c@part=\count79
\c@chapter=\count80
\c@section=\count81
\c@subsection=\count82
\c@subsubsection=\count83
\c@paragraph=\count84
\c@subparagraph=\count85
\c@figure=\count86
\c@table=\count87
\abovecaptionskip=\skip41
\belowcaptionskip=\skip42
\bibindent=\dimen102
)
(/usr/local/texlive/2015/texmf-dist/tex/latex/textcase/textcase.sty
Package: textcase 2004/10/07 v0.07 Text only upper/lower case changing (DPC)
)
(/usr/local/texlive/2015/texmf-dist/tex/latex/etoolbox/etoolbox.sty
Package: etoolbox 2015/05/04 v2.2 e-TeX tools for LaTeX (JAW)
\etb@tempcnta=\count88
)
(/Users/adityanagarajan/Library/texlive/2015/texmf-var/tex/latex/umassthesis/um
th12pt.clo
File: umth12pt.clo 1997/09/08 16:03:30 1.3 U.Mass. thesis (size option)
)
\c@count@FrontMatter=\count89
\c@count@Chapter=\count90
\c@count@Appendix=\count91
\c@count@BackMatter=\count92

Patching chapter command 1 succeeded
Patching chapter command 2 succeeded
Patching chapter command 3 succeeded
Appending to chapter command succeeded
\umassthesis@contentshangindent=\skip43
\tablenumberwidth=\skip44

(/Users/adityanagarajan/Library/texlive/2015/texmf-var/tex/latex/umassthesis/um
thstd.clo
File: umthstd.clo 2003/10/16 20:56:33 1.12 U.Mass. thesis frontmatter option
)
\umassthesis@basefootnotesep=\skip45
\umassthesis@baseskipfootins=\skip46

Patching footnotetext succeeded
) (/usr/local/texlive/2015/texmf-dist/tex/latex/amsmath/amsmath.sty
Package: amsmath 2013/01/14 v2.14 AMS math features
\@mathmargin=\skip47

For additional information on amsmath, use the `?' option.
(/usr/local/texlive/2015/texmf-dist/tex/latex/amsmath/amstext.sty
Package: amstext 2000/06/29 v2.01

(/usr/local/texlive/2015/texmf-dist/tex/latex/amsmath/amsgen.sty
File: amsgen.sty 1999/11/30 v2.0
\@emptytoks=\toks14
\ex@=\dimen103
))
(/usr/local/texlive/2015/texmf-dist/tex/latex/amsmath/amsbsy.sty
Package: amsbsy 1999/11/29 v1.2d
\pmbraise@=\dimen104
)
(/usr/local/texlive/2015/texmf-dist/tex/latex/amsmath/amsopn.sty
Package: amsopn 1999/12/14 v2.01 operator names
)
\inf@bad=\count93
LaTeX Info: Redefining \frac on input line 210.
\uproot@=\count94
\leftroot@=\count95
LaTeX Info: Redefining \overline on input line 306.
\classnum@=\count96
\DOTSCASE@=\count97
LaTeX Info: Redefining \ldots on input line 378.
LaTeX Info: Redefining \dots on input line 381.
LaTeX Info: Redefining \cdots on input line 466.
\Mathstrutbox@=\box26
\strutbox@=\box27
\big@size=\dimen105
LaTeX Font Info:    Redeclaring font encoding OML on input line 566.
LaTeX Font Info:    Redeclaring font encoding OMS on input line 567.
\macc@depth=\count98
\c@MaxMatrixCols=\count99
\dotsspace@=\muskip10
\c@parentequation=\count100
\dspbrk@lvl=\count101
\tag@help=\toks15
\row@=\count102
\column@=\count103
\maxfields@=\count104
\andhelp@=\toks16
\eqnshift@=\dimen106
\alignsep@=\dimen107
\tagshift@=\dimen108
\tagwidth@=\dimen109
\totwidth@=\dimen110
\lineht@=\dimen111
\@envbody=\toks17
\multlinegap=\skip48
\multlinetaggap=\skip49
\mathdisplay@stack=\toks18
LaTeX Info: Redefining \[ on input line 2665.
LaTeX Info: Redefining \] on input line 2666.
)
(/usr/local/texlive/2015/texmf-dist/tex/latex/graphics/graphicx.sty
Package: graphicx 2014/10/28 v1.0g Enhanced LaTeX Graphics (DPC,SPQR)

(/usr/local/texlive/2015/texmf-dist/tex/latex/graphics/keyval.sty
Package: keyval 2014/10/28 v1.15 key=value parser (DPC)
\KV@toks@=\toks19
)
(/usr/local/texlive/2015/texmf-dist/tex/latex/graphics/graphics.sty
Package: graphics 2014/10/28 v1.0p Standard LaTeX Graphics (DPC,SPQR)

(/usr/local/texlive/2015/texmf-dist/tex/latex/graphics/trig.sty
Package: trig 1999/03/16 v1.09 sin cos tan (DPC)
)
(/usr/local/texlive/2015/texmf-dist/tex/latex/latexconfig/graphics.cfg
File: graphics.cfg 2010/04/23 v1.9 graphics configuration of TeX Live
)
Package graphics Info: Driver file: pdftex.def on input line 94.

(/usr/local/texlive/2015/texmf-dist/tex/latex/pdftex-def/pdftex.def
File: pdftex.def 2011/05/27 v0.06d Graphics/color for pdfTeX

(/usr/local/texlive/2015/texmf-dist/tex/generic/oberdiek/infwarerr.sty
Package: infwarerr 2010/04/08 v1.3 Providing info/warning/error messages (HO)
)
(/usr/local/texlive/2015/texmf-dist/tex/generic/oberdiek/ltxcmds.sty
Package: ltxcmds 2011/11/09 v1.22 LaTeX kernel commands for general use (HO)
)
\Gread@gobject=\count105
))
\Gin@req@height=\dimen112
\Gin@req@width=\dimen113
)
(/usr/local/texlive/2015/texmf-dist/tex/latex/amsfonts/amsfonts.sty
Package: amsfonts 2013/01/14 v3.01 Basic AMSFonts support
\symAMSa=\mathgroup4
\symAMSb=\mathgroup5
LaTeX Font Info:    Overwriting math alphabet `\mathfrak' in version `bold'
(Font)                  U/euf/m/n --> U/euf/b/n on input line 106.
)
(/usr/local/texlive/2015/texmf-dist/tex/latex/algorithms/algorithm.sty
Package: algorithm 2009/08/24 v0.1 Document Style `algorithm' - floating enviro
nment

(/usr/local/texlive/2015/texmf-dist/tex/latex/float/float.sty
Package: float 2001/11/08 v1.3d Float enhancements (AL)
\c@float@type=\count106
\float@exts=\toks20
\float@box=\box28
\@float@everytoks=\toks21
\@floatcapt=\box29
)
(/usr/local/texlive/2015/texmf-dist/tex/latex/base/ifthen.sty
Package: ifthen 2014/09/29 v1.1c Standard LaTeX ifthen package (DPC)
)
\@float@every@algorithm=\toks22
\c@algorithm=\count107
)
(/usr/local/texlive/2015/texmf-dist/tex/latex/algorithmicx/algpseudocode.sty
Package: algpseudocode 

(/usr/local/texlive/2015/texmf-dist/tex/latex/algorithmicx/algorithmicx.sty
Package: algorithmicx 2005/04/27 v1.2 Algorithmicx

Document Style algorithmicx 1.2 - a greatly improved `algorithmic' style
\c@ALG@line=\count108
\c@ALG@rem=\count109
\c@ALG@nested=\count110
\ALG@tlm=\skip50
\ALG@thistlm=\skip51
\c@ALG@Lnr=\count111
\c@ALG@blocknr=\count112
\c@ALG@storecount=\count113
\c@ALG@tmpcounter=\count114
\ALG@tmplength=\skip52
)
Document Style - pseudocode environments for use with the `algorithmicx' style
) (/usr/local/texlive/2015/texmf-dist/tex/latex/multirow/multirow.sty
\bigstrutjot=\dimen114
)
(/usr/local/texlive/2015/texmf-dist/tex/latex/subfig/subfig.sty
Package: subfig 2005/06/28 ver: 1.3 subfig package

(/usr/local/texlive/2015/texmf-dist/tex/latex/caption/caption.sty
Package: caption 2013/05/02 v3.3-89 Customizing captions (AR)

(/usr/local/texlive/2015/texmf-dist/tex/latex/caption/caption3.sty
Package: caption3 2013/05/02 v1.6-88 caption3 kernel (AR)
Package caption3 Info: TeX engine: e-TeX on input line 57.
\captionmargin=\dimen115
\captionmargin@=\dimen116
\captionwidth=\dimen117
\caption@tempdima=\dimen118
\caption@indent=\dimen119
\caption@parindent=\dimen120
\caption@hangindent=\dimen121
Package caption Info: Unknown document class (or package),
(caption)             standard defaults will be used.
)

Package caption Warning: Unsupported document class (or package) detected,
(caption)                usage of the caption package is not recommended.
See the caption package documentation for explanation.

Package caption Info: \@makecaption = \long macro:#1#2->\addvspace {\abovecapti
onskip } \sbox \@tempboxa {\textbf {#1.} #2}\ifdim \wd \@tempboxa >\hsize \text
bf {#1.} #2\par \else \global \@minipagefalse \hb@xt@ \hsize {\hfil \box \@temp
boxa \hfil }\fi \par \vskip \belowcaptionskip \par .
\c@ContinuedFloat=\count115
Package caption Info: float package is loaded.
)
\c@KVtest=\count116
\sf@farskip=\skip53
\sf@captopadj=\dimen122
\sf@capskip=\skip54
\sf@nearskip=\skip55
\c@subfigure=\count117
\c@subfigure@save=\count118
\c@lofdepth=\count119
\c@subtable=\count120
\c@subtable@save=\count121
\c@lotdepth=\count122
\sf@top=\skip56
\sf@bottom=\skip57
) (/usr/local/texlive/2015/texmf-dist/tex/latex/amsfonts/amssymb.sty
Package: amssymb 2013/01/14 v3.01 AMS font symbols
)
Did not detect hyperref package
(./proposal_document.aux)
\openout1 = `proposal_document.aux'.

LaTeX Font Info:    Checking defaults for OML/cmm/m/it on input line 13.
LaTeX Font Info:    ... okay on input line 13.
LaTeX Font Info:    Checking defaults for T1/cmr/m/n on input line 13.
LaTeX Font Info:    ... okay on input line 13.
LaTeX Font Info:    Checking defaults for OT1/cmr/m/n on input line 13.
LaTeX Font Info:    ... okay on input line 13.
LaTeX Font Info:    Checking defaults for OMS/cmsy/m/n on input line 13.
LaTeX Font Info:    ... okay on input line 13.
LaTeX Font Info:    Checking defaults for OMX/cmex/m/n on input line 13.
LaTeX Font Info:    ... okay on input line 13.
LaTeX Font Info:    Checking defaults for U/cmr/m/n on input line 13.
LaTeX Font Info:    ... okay on input line 13.

(/usr/local/texlive/2015/texmf-dist/tex/context/base/supp-pdf.mkii
[Loading MPS to PDF converter (version 2006.09.02).]
\scratchcounter=\count123
\scratchdimen=\dimen123
\scratchbox=\box30
\nofMPsegments=\count124
\nofMParguments=\count125
\everyMPshowfont=\toks23
\MPscratchCnt=\count126
\MPscratchDim=\dimen124
\MPnumerator=\count127
\makeMPintoPDFobject=\count128
\everyMPtoPDFconversion=\toks24
) (/usr/local/texlive/2015/texmf-dist/tex/generic/oberdiek/pdftexcmds.sty
Package: pdftexcmds 2011/11/29 v0.20 Utility functions of pdfTeX for LuaTeX (HO
)

(/usr/local/texlive/2015/texmf-dist/tex/generic/oberdiek/ifluatex.sty
Package: ifluatex 2010/03/01 v1.3 Provides the ifluatex switch (HO)
Package ifluatex Info: LuaTeX not detected.
)
(/usr/local/texlive/2015/texmf-dist/tex/generic/oberdiek/ifpdf.sty
Package: ifpdf 2011/01/30 v2.3 Provides the ifpdf switch (HO)
Package ifpdf Info: pdfTeX in PDF mode is detected.
)
Package pdftexcmds Info: LuaTeX not detected.
Package pdftexcmds Info: \pdf@primitive is available.
Package pdftexcmds Info: \pdf@ifprimitive is available.
Package pdftexcmds Info: \pdfdraftmode found.
)
(/usr/local/texlive/2015/texmf-dist/tex/latex/oberdiek/epstopdf-base.sty
Package: epstopdf-base 2010/02/09 v2.5 Base part for package epstopdf

(/usr/local/texlive/2015/texmf-dist/tex/latex/oberdiek/grfext.sty
Package: grfext 2010/08/19 v1.1 Manage graphics extensions (HO)

(/usr/local/texlive/2015/texmf-dist/tex/generic/oberdiek/kvdefinekeys.sty
Package: kvdefinekeys 2011/04/07 v1.3 Define keys (HO)
))
(/usr/local/texlive/2015/texmf-dist/tex/latex/oberdiek/kvoptions.sty
Package: kvoptions 2011/06/30 v3.11 Key value format for package options (HO)

(/usr/local/texlive/2015/texmf-dist/tex/generic/oberdiek/kvsetkeys.sty
Package: kvsetkeys 2012/04/25 v1.16 Key value parser (HO)

(/usr/local/texlive/2015/texmf-dist/tex/generic/oberdiek/etexcmds.sty
Package: etexcmds 2011/02/16 v1.5 Avoid name clashes with e-TeX commands (HO)
Package etexcmds Info: Could not find \expanded.
(etexcmds)             That can mean that you are not using pdfTeX 1.50 or
(etexcmds)             that some package has redefined \expanded.
(etexcmds)             In the latter case, load this package earlier.
)))
Package grfext Info: Graphics extension search list:
(grfext)             [.png,.pdf,.jpg,.mps,.jpeg,.jbig2,.jb2,.PNG,.PDF,.JPG,.JPE
G,.JBIG2,.JB2,.eps]
(grfext)             \AppendGraphicsExtensions on input line 452.

(/usr/local/texlive/2015/texmf-dist/tex/latex/latexconfig/epstopdf-sys.cfg
File: epstopdf-sys.cfg 2010/07/13 v1.3 Configuration of (r)epstopdf for TeX Liv
e
))
Package caption Info: Begin \AtBeginDocument code.
Package caption Info: subfig package v1.3 is loaded.
Package caption Info: End \AtBeginDocument code.

[1

{/usr/local/texlive/2015/texmf-var/fonts/map/pdftex/updmap/pdftex.map}]
\lenguide=\skip58

[2

] [3

] [4


] [5] (./proposal_document.toc
LaTeX Font Info:    Try loading font information for U+msa on input line 1.

(/usr/local/texlive/2015/texmf-dist/tex/latex/amsfonts/umsa.fd
File: umsa.fd 2013/01/14 v3.01 AMS symbols A
)
LaTeX Font Info:    Try loading font information for U+msb on input line 1.

(/usr/local/texlive/2015/texmf-dist/tex/latex/amsfonts/umsb.fd
File: umsb.fd 2013/01/14 v3.01 AMS symbols B
) [6

])
\tf@toc=\write3
\openout3 = `proposal_document.toc'.

 [7]
(./proposal_document.lot)
\tf@lot=\write4
\openout4 = `proposal_document.lot'.

 [8

] (./proposal_document.lof)
\tf@lof=\write5
\openout5 = `proposal_document.lof'.

 [9

]
Chapter 1.
[1


] [2] [3] [4] [5] [6] [7]
Chapter 2.
Package epstopdf Info: Source file: <Weather_Cycle.eps>
(epstopdf)                    date: 2015-11-11 20:11:26
(epstopdf)                    size: 5589442 bytes
(epstopdf)             Output file: <Weather_Cycle-eps-converted-to.pdf>
(epstopdf)                    date: 2015-11-11 20:12:47
(epstopdf)                    size: 430244 bytes
(epstopdf)             Command: <repstopdf --outfile=Weather_Cycle-eps-converte
d-to.pdf Weather_Cycle.eps>
(epstopdf)             \includegraphics on input line 104.
Package epstopdf Info: Output file is already uptodate.
<Weather_Cycle-eps-converted-to.pdf, id=58, 526.96875pt x 403.5075pt>
File: Weather_Cycle-eps-converted-to.pdf Graphic file (type pdf)

<use Weather_Cycle-eps-converted-to.pdf>
Package pdftex.def Info: Weather_Cycle-eps-converted-to.pdf used on input line 
104.
(pdftex.def)             Requested size: 346.89731pt x 265.6385pt.

Overfull \hbox (23.08916pt too wide) in paragraph at lines 105--105
[]\OT1/cmr/m/n/12 Figure 2.1: |The ba-sic hy-dro-log-i-cal cy-cle (www.srh.noaa
.gov/jetstream/atmos/hydro.htm).| 
 []

[8

]
Package epstopdf Info: Source file: <cold_warm_fronts.eps>
(epstopdf)                    date: 2015-11-11 20:29:15
(epstopdf)                    size: 1191574 bytes
(epstopdf)             Output file: <cold_warm_fronts-eps-converted-to.pdf>
(epstopdf)                    date: 2015-11-11 20:30:18
(epstopdf)                    size: 103899 bytes
(epstopdf)             Command: <repstopdf --outfile=cold_warm_fronts-eps-conve
rted-to.pdf cold_warm_fronts.eps>
(epstopdf)             \includegraphics on input line 114.
Package epstopdf Info: Output file is already uptodate.
 <cold_warm_fronts-eps-converted-to.pdf, id=62, 573.14125pt x 319.1925pt>
File: cold_warm_fronts-eps-converted-to.pdf Graphic file (type pdf)

<use cold_warm_fronts-eps-converted-to.pdf>
Package pdftex.def Info: cold_warm_fronts-eps-converted-to.pdf used on input li
ne 114.
(pdftex.def)             Requested size: 260.17464pt x 144.89674pt.


LaTeX Warning: `!h' float specifier changed to `!ht'.

[9 <./Weather_Cycle-eps-converted-to.pdf>] [10 <./cold_warm_fronts-eps-converte
d-to.pdf>] [11]
Overfull \hbox (2.82986pt too wide) in paragraph at lines 136--136
[][]\OT1/cmr/m/n/10 see the an-i-ma-tion at wiki page for GPS https://en.wikipe
dia.org/wiki/Global[]Positioning[]System| 
 []

[12] [13] [14] [15] [16] [17] [18] [19] [20] [21] [22] [23]
Chapter 3.
Package epstopdf Info: Source file: <GPS_ASOS_Locations.eps>
(epstopdf)                    date: 2015-11-13 13:19:49
(epstopdf)                    size: 1216382 bytes
(epstopdf)             Output file: <GPS_ASOS_Locations-eps-converted-to.pdf>
(epstopdf)                    date: 2015-11-13 13:21:11
(epstopdf)                    size: 240321 bytes
(epstopdf)             Command: <repstopdf --outfile=GPS_ASOS_Locations-eps-con
verted-to.pdf GPS_ASOS_Locations.eps>
(epstopdf)             \includegraphics on input line 356.
Package epstopdf Info: Output file is already uptodate.
<GPS_ASOS_Locations-eps-converted-to.pdf, id=130, 470.75874pt x 398.48875pt>
File: GPS_ASOS_Locations-eps-converted-to.pdf Graphic file (type pdf)

<use GPS_ASOS_Locations-eps-converted-to.pdf>
Package pdftex.def Info: GPS_ASOS_Locations-eps-converted-to.pdf used on input 
line 356.
(pdftex.def)             Requested size: 346.89731pt x 293.64273pt.
 [24

] [25 <./GPS_ASOS_Locations-eps-converted-to.pdf>] [26] [27]

LaTeX Warning: No positions in optional float specifier.
               Default added (so using `tbp') on input line 412.

[28] [29]
Package epstopdf Info: Source file: <Highest_Lowest_Sites.eps>
(epstopdf)                    date: 2015-11-13 13:26:38
(epstopdf)                    size: 1224578 bytes
(epstopdf)             Output file: <Highest_Lowest_Sites-eps-converted-to.pdf>

(epstopdf)                    date: 2015-11-13 13:27:24
(epstopdf)                    size: 212898 bytes
(epstopdf)             Command: <repstopdf --outfile=Highest_Lowest_Sites-eps-c
onverted-to.pdf Highest_Lowest_Sites.eps>
(epstopdf)             \includegraphics on input line 451.
Package epstopdf Info: Output file is already uptodate.

<Highest_Lowest_Sites-eps-converted-to.pdf, id=157, 470.75874pt x 393.47pt>
File: Highest_Lowest_Sites-eps-converted-to.pdf Graphic file (type pdf)

<use Highest_Lowest_Sites-eps-converted-to.pdf>
Package pdftex.def Info: Highest_Lowest_Sites-eps-converted-to.pdf used on inpu
t line 451.
(pdftex.def)             Requested size: 303.53267pt x 253.69914pt.
Package epstopdf Info: Source file: <IPW_site_dist.eps>
(epstopdf)                    date: 2015-11-17 11:15:44
(epstopdf)                    size: 5632146 bytes
(epstopdf)             Output file: <IPW_site_dist-eps-converted-to.pdf>
(epstopdf)                    date: 2015-11-17 11:16:09
(epstopdf)                    size: 2081609 bytes
(epstopdf)             Command: <repstopdf --outfile=IPW_site_dist-eps-converte
d-to.pdf IPW_site_dist.eps>
(epstopdf)             \includegraphics on input line 459.
Package epstopdf Info: Output file is already uptodate.

<IPW_site_dist-eps-converted-to.pdf, id=158, 659.46375pt x 1046.91125pt>
File: IPW_site_dist-eps-converted-to.pdf Graphic file (type pdf)

<use IPW_site_dist-eps-converted-to.pdf>
Package pdftex.def Info: IPW_site_dist-eps-converted-to.pdf used on input line 
459.
(pdftex.def)             Requested size: 455.25185pt x 569.0617pt.

Overfull \hbox (21.63185pt too wide) in paragraph at lines 459--460
 [] 
 []

Package epstopdf Info: Source file: <RadarIPWProposal.eps>
(epstopdf)                    date: 2015-11-13 13:33:33
(epstopdf)                    size: 5662994 bytes
(epstopdf)             Output file: <RadarIPWProposal-eps-converted-to.pdf>
(epstopdf)                    date: 2015-11-13 13:33:57
(epstopdf)                    size: 2626911 bytes
(epstopdf)             Command: <repstopdf --outfile=RadarIPWProposal-eps-conve
rted-to.pdf RadarIPWProposal.eps>
(epstopdf)             \includegraphics on input line 467.
Package epstopdf Info: Output file is already uptodate.
<RadarIPWProposal-eps-converted-to.pdf, id=159, 596.2275pt x 804.00375pt>
File: RadarIPWProposal-eps-converted-to.pdf Graphic file (type pdf)

<use RadarIPWProposal-eps-converted-to.pdf>
Package pdftex.def Info: RadarIPWProposal-eps-converted-to.pdf used on input li
ne 467.
(pdftex.def)             Requested size: 426.79071pt x 569.05553pt.


LaTeX Warning: `!h' float specifier changed to `!ht'.

[30] [31 <./Highest_Lowest_Sites-eps-converted-to.pdf>] [32 <./IPW_site_dist-ep
s-converted-to.pdf>] [33 <./RadarIPWProposal-eps-converted-to.pdf>]
Chapter 4.
[34

]

Package amsfonts Warning: Obsolete command \bold; \mathbf should be used instea
d on input line 482.


Overfull \hbox (1.39435pt too wide) in paragraph at lines 482--483
\OT1/cmr/m/n/12 stance or ex-am-ple has a la-bel which can ei-ther take a fi-ni
te value from a set $[]$
 []

[35] [36] [37] [38]
Chapter 5.
Package epstopdf Info: Source file: <random_pixels_1500.eps>
(epstopdf)                    date: 2015-11-17 23:59:37
(epstopdf)                    size: 1766486 bytes
(epstopdf)             Output file: <random_pixels_1500-eps-converted-to.pdf>
(epstopdf)                    date: 2015-11-18 00:00:46
(epstopdf)                    size: 660950 bytes
(epstopdf)             Command: <repstopdf --outfile=random_pixels_1500-eps-con
verted-to.pdf random_pixels_1500.eps>
(epstopdf)             \includegraphics on input line 538.
Package epstopdf Info: Output file is already uptodate.
<random_pixels_1500-eps-converted-to.pdf, id=229, 546.04pt x 437.635pt>
File: random_pixels_1500-eps-converted-to.pdf Graphic file (type pdf)

<use random_pixels_1500-eps-converted-to.pdf>
Package pdftex.def Info: random_pixels_1500-eps-converted-to.pdf used on input 
line 538.
(pdftex.def)             Requested size: 426.79266pt x 426.79591pt.


LaTeX Warning: `!h' float specifier changed to `!ht'.

[39

] [40 <./random_pixels_1500-eps-converted-to.pdf>] [41] [42] [43]
Package epstopdf Info: Source file: <PR_Curves.eps>
(epstopdf)                    date: 2015-11-18 11:12:32
(epstopdf)                    size: 1467110 bytes
(epstopdf)             Output file: <PR_Curves-eps-converted-to.pdf>
(epstopdf)                    date: 2015-11-18 11:14:53
(epstopdf)                    size: 358344 bytes
(epstopdf)             Command: <repstopdf --outfile=PR_Curves-eps-converted-to
.pdf PR_Curves.eps>
(epstopdf)             \includegraphics on input line 607.
Package epstopdf Info: Output file is already uptodate.

<PR_Curves-eps-converted-to.pdf, id=254, 653.44125pt x 302.12875pt>
File: PR_Curves-eps-converted-to.pdf Graphic file (type pdf)

<use PR_Curves-eps-converted-to.pdf>
Package pdftex.def Info: PR_Curves-eps-converted-to.pdf used on input line 607.

(pdftex.def)             Requested size: 426.78574pt x 284.52661pt.

Overfull \hbox (10.15372pt too wide) in paragraph at lines 616--625
 [][] 
 []


LaTeX Warning: `!h' float specifier changed to `!ht'.

<f1_scores.png, id=255, 578.16pt x 433.62pt>
File: f1_scores.png Graphic file (type png)
 <use f1_scores.png>
Package pdftex.def Info: f1_scores.png used on input line 629.
(pdftex.def)             Requested size: 426.79071pt x 256.085pt.
 [44 <./PR_Curves-eps-converted-to.pdf>] [45 <./f1_scores.png>]
Package epstopdf Info: Source file: <Random_Forest_Feature_Importance.eps>
(epstopdf)                    date: 2015-11-18 15:40:56
(epstopdf)                    size: 1181450 bytes
(epstopdf)             Output file: <Random_Forest_Feature_Importance-eps-conve
rted-to.pdf>
(epstopdf)                    date: 2015-11-18 15:41:25
(epstopdf)                    size: 317640 bytes
(epstopdf)             Command: <repstopdf --outfile=Random_Forest_Feature_Impo
rtance-eps-converted-to.pdf Random_Forest_Feature_Importance.eps>
(epstopdf)             \includegraphics on input line 639.
Package epstopdf Info: Output file is already uptodate.

<Random_Forest_Feature_Importance-eps-converted-to.pdf, id=271, 505.89pt x 333.
245pt>
File: Random_Forest_Feature_Importance-eps-converted-to.pdf Graphic file (type 
pdf)
 <use Random_Forest_Feature_Importance-eps-converted-to.pdf>
Package pdftex.def Info: Random_Forest_Feature_Importance-eps-converted-to.pdf 
used on input line 639.
(pdftex.def)             Requested size: 426.7973pt x 199.17053pt.
 [46 <./Random_Forest_Feature_Importance-eps-converted-to.pdf>]
Chapter 6.
[47

] [48] [49] [50]
Appendix.

Overfull \hbox (39.03687pt too wide) in paragraph at lines 695--706
 [] 
 []

Package epstopdf Info: Source file: <GPS_ASOS_table.eps>
(epstopdf)                    date: 2015-11-13 13:50:31
(epstopdf)                    size: 1714646 bytes
(epstopdf)             Output file: <GPS_ASOS_table-eps-converted-to.pdf>
(epstopdf)                    date: 2015-11-13 13:50:56
(epstopdf)                    size: 62367 bytes
(epstopdf)             Command: <repstopdf --outfile=GPS_ASOS_table-eps-convert
ed-to.pdf GPS_ASOS_table.eps>
(epstopdf)             \includegraphics on input line 711.
Package epstopdf Info: Output file is already uptodate.
<GPS_ASOS_table-eps-converted-to.pdf, id=295, 538.01pt x 461.725pt>
File: GPS_ASOS_table-eps-converted-to.pdf Graphic file (type pdf)

<use GPS_ASOS_table-eps-converted-to.pdf>
Package pdftex.def Info: GPS_ASOS_table-eps-converted-to.pdf used on input line
 711.
(pdftex.def)             Requested size: 441.02328pt x 483.6983pt.

Overfull \hbox (7.40329pt too wide) in paragraph at lines 711--712
 [] 
 []


LaTeX Warning: `!h' float specifier changed to `!ht'.

(./proposal_document.bbl [51

] [52 <./GPS_ASOS_table-eps-converted-to.pdf>]
[53

] [54] [55] [56]) [57] (./proposal_document.aux) ) 
Here is how much of TeX's memory you used:
 4847 strings out of 493089
 72801 string characters out of 6134842
 139514 words of memory out of 5000000
 8230 multiletter control sequences out of 15000+600000
 11864 words of font info for 46 fonts, out of 8000000 for 9000
 1141 hyphenation exceptions out of 8191
 44i,14n,42p,2148b,336s stack positions out of 5000i,500n,10000p,200000b,80000s
</usr/local/texlive/2015/texm
f-dist/fonts/type1/public/amsfonts/cm/cmbx12.pfb></usr/local/texlive/2015/texmf
-dist/fonts/type1/public/amsfonts/cm/cmex10.pfb></usr/local/texlive/2015/texmf-
dist/fonts/type1/public/amsfonts/cm/cmmi10.pfb></usr/local/texlive/2015/texmf-d
ist/fonts/type1/public/amsfonts/cm/cmmi12.pfb></usr/local/texlive/2015/texmf-di
st/fonts/type1/public/amsfonts/cm/cmmi7.pfb></usr/local/texlive/2015/texmf-dist
/fonts/type1/public/amsfonts/cm/cmmi8.pfb></usr/local/texlive/2015/texmf-dist/f
onts/type1/public/amsfonts/cm/cmr10.pfb></usr/local/texlive/2015/texmf-dist/fon
ts/type1/public/amsfonts/cm/cmr12.pfb></usr/local/texlive/2015/texmf-dist/fonts
/type1/public/amsfonts/cm/cmr7.pfb></usr/local/texlive/2015/texmf-dist/fonts/ty
pe1/public/amsfonts/cm/cmr8.pfb></usr/local/texlive/2015/texmf-dist/fonts/type1
/public/amsfonts/cm/cmsy10.pfb></usr/local/texlive/2015/texmf-dist/fonts/type1/
public/amsfonts/cm/cmsy6.pfb></usr/local/texlive/2015/texmf-dist/fonts/type1/pu
blic/amsfonts/cm/cmsy8.pfb></usr/local/texlive/2015/texmf-dist/fonts/type1/publ
ic/amsfonts/cm/cmti12.pfb></usr/local/texlive/2015/texmf-dist/fonts/type1/publi
c/amsfonts/symbols/msbm10.pfb>
Output written on proposal_document.pdf (66 pages, 7404785 bytes).
PDF statistics:
 382 PDF objects out of 1000 (max. 8388607)
 229 compressed objects within 3 object streams
 0 named destinations out of 1000 (max. 500000)
 56 words of extra memory for PDF output out of 10000 (max. 10000000)

